#
# There is insufficient memory for the Java Runtime Environment to continue.
# Native memory allocation (mmap) failed to map 123731968 bytes for G1 virtual space
# Possible reasons:
#   The system is out of physical RAM or swap space
#   The process is running with CompressedOops enabled, and the Java Heap may be blocking the growth of the native heap
# Possible solutions:
#   Reduce memory load on the system
#   Increase physical memory or swap space
#   Check if swap backing store is full
#   Decrease Java heap size (-Xmx/-Xms)
#   Decrease number of Java threads
#   Decrease Java thread stack sizes (-Xss)
#   Set larger code cache with -XX:ReservedCodeCacheSize=
#   JVM is running with Unscaled Compressed Oops mode in which the Java heap is
#     placed in the first 4GB address space. The Java Heap base address is the
#     maximum limit for the native heap growth. Please use -XX:HeapBaseMinAddress
#     to set the Java Heap base and to place the Java Heap above 4GB virtual address.
# This output file may be truncated or incomplete.
#
#  Out of Memory Error (os_windows.cpp:3530), pid=36800, tid=36572
#
# JRE version:  (18.0.1.1+2) (build )
# Java VM: Java HotSpot(TM) 64-Bit Server VM (18.0.1.1+2-6, mixed mode, sharing, tiered, compressed oops, compressed class ptrs, g1 gc, windows-amd64)
# No core dump will be written. Minidumps are not enabled by default on client versions of Windows
#

---------------  S U M M A R Y ------------

Command Line: -XX:+ShowCodeDetailsInExceptionMessages com.microservice.api_gateway_service.ApiGatewayServiceApplication

Host: AMD Ryzen 5 5500U with Radeon Graphics         , 12 cores, 7G,  Windows 11 , 64 bit Build 26100 (10.0.26100.7623)
Time: Thu Mar 26 17:46:58 2026 India Standard Time elapsed time: 2.082123 seconds (0d 0h 0m 2s)

---------------  T H R E A D  ---------------

Current thread (0x000002352cfb7740):  JavaThread "Unknown thread" [_thread_in_vm, id=36572, stack(0x00000037c6600000,0x00000037c6700000)]

Stack: [0x00000037c6600000,0x00000037c6700000]
Native frames: (J=compiled Java code, j=interpreted, Vv=VM code, C=native code)
V  [jvm.dll+0x69887a]
V  [jvm.dll+0x7f38bd]
V  [jvm.dll+0x7f51ce]
V  [jvm.dll+0x7f5883]
V  [jvm.dll+0x25ca3f]
V  [jvm.dll+0x6957c9]
V  [jvm.dll+0x68a2fa]
V  [jvm.dll+0x321efb]
V  [jvm.dll+0x3298d6]
V  [jvm.dll+0x37e47e]
V  [jvm.dll+0x37e6af]
V  [jvm.dll+0x2f9c7a]
V  [jvm.dll+0x2facdd]
V  [jvm.dll+0x7c24f0]
V  [jvm.dll+0x38b801]
V  [jvm.dll+0x7a1203]
V  [jvm.dll+0x40d6bf]
V  [jvm.dll+0x40f091]
C  [jli.dll+0x526b]
C  [ucrtbase.dll+0x37b0]
C  [KERNEL32.DLL+0x2e8d7]
C  [ntdll.dll+0x8c53c]


---------------  P R O C E S S  ---------------

Threads class SMR info:
_java_thread_list=0x00007ffbae44d550, length=0, elements={
}

Java Threads: ( => current thread )

Other Threads:
  0x000002352d01b310 WorkerThread "GC Thread#0" [stack: 0x00000037c6700000,0x00000037c6800000] [id=29480]
  0x000002352d02c130 ConcurrentGCThread "G1 Main Marker" [stack: 0x00000037c6800000,0x00000037c6900000] [id=22296]
  0x000002352d02d9d0 WorkerThread "G1 Conc#0" [stack: 0x00000037c6900000,0x00000037c6a00000] [id=41880]

[error occurred during error reporting (printing all threads), id 0xc0000005, EXCEPTION_ACCESS_VIOLATION (0xc0000005) at pc=0x00007ffbadc7a217]

VM state: not at safepoint (not fully initialized)

VM Mutex/Monitor currently owned by a thread:  ([mutex/lock_event])
[0x000002352cfb5bd0] Heap_lock - owner thread: 0x000002352cfb7740

Heap address: 0x000000008ac00000, size: 1876 MB, Compressed Oops mode: 32-bit

CDS archive(s) mapped at: [0x0000000000000000-0x0000000000000000-0x0000000000000000), size 0, SharedBaseAddress: 0x0000000800000000, ArchiveRelocationMode: 0.
Narrow klass base: 0x0000000000000000, Narrow klass shift: 0, Narrow klass range: 0x0

GC Precious Log:
 CardTable entry size: 512
 Card Set container configuration: InlinePtr #cards 5 size 8 Array Of Cards #cards 12 size 40 Howl #buckets 4 coarsen threshold 1843 Howl Bitmap #cards 512 size 80 coarsen threshold 460 Card regions per heap region 1 cards per card region 2048

Heap:
 garbage-first heap   total 0K, used 0K [0x000000008ac00000, 0x0000000100000000)
  region size 1024K, 0 young (0K), 0 survivors (0K)

[error occurred during error reporting (printing heap information), id 0xc0000005, EXCEPTION_ACCESS_VIOLATION (0xc0000005) at pc=0x00007ffbae060cb9]

GC Heap History (0 events):
No events

Deoptimization events (0 events):
No events

Classes loaded (0 events):
No events

Classes unloaded (0 events):
No events

Classes redefined (0 events):
No events

Internal exceptions (0 events):
No events

VM Operations (0 events):
No events

Events (1 events):
Event: 0.033 Loaded shared library C:\Program Files\Java\jdk-18.0.1.1\bin\java.dll


Dynamic libraries:
0x00007ff77acc0000 - 0x00007ff77acd0000 	C:\Program Files\Java\jdk-18.0.1.1\bin\java.exe
0x00007ffc5d900000 - 0x00007ffc5db67000 	C:\WINDOWS\SYSTEM32\ntdll.dll
0x00007ffc5cfc0000 - 0x00007ffc5d089000 	C:\WINDOWS\System32\KERNEL32.DLL
0x00007ffc5af60000 - 0x00007ffc5b34f000 	C:\WINDOWS\System32\KERNELBASE.dll
0x00007ffc5ad30000 - 0x00007ffc5ae7b000 	C:\WINDOWS\System32\ucrtbase.dll
0x00007ffc27190000 - 0x00007ffc271a8000 	C:\Program Files\Java\jdk-18.0.1.1\bin\jli.dll
0x00007ffc349a0000 - 0x00007ffc349ba000 	C:\Program Files\Java\jdk-18.0.1.1\bin\VCRUNTIME140.dll
0x00007ffc5c9a0000 - 0x00007ffc5ca54000 	C:\WINDOWS\System32\ADVAPI32.dll
0x00007ffc5d090000 - 0x00007ffc5d139000 	C:\WINDOWS\System32\msvcrt.dll
0x00007ffc5c1e0000 - 0x00007ffc5c286000 	C:\WINDOWS\System32\sechost.dll
0x00007ffc5c500000 - 0x00007ffc5c618000 	C:\WINDOWS\System32\RPCRT4.dll
0x00007ffc5c7d0000 - 0x00007ffc5c995000 	C:\WINDOWS\System32\USER32.dll
0x00007ffc5ae80000 - 0x00007ffc5aea7000 	C:\WINDOWS\System32\win32u.dll
0x00007ffc5b880000 - 0x00007ffc5b8ab000 	C:\WINDOWS\System32\GDI32.dll
0x00007ffc44a00000 - 0x00007ffc44c93000 	C:\WINDOWS\WinSxS\amd64_microsoft.windows.common-controls_6595b64144ccf1df_6.0.26100.7309_none_3e05feeae336a044\COMCTL32.dll
0x00007ffc5b360000 - 0x00007ffc5b48c000 	C:\WINDOWS\System32\gdi32full.dll
0x00007ffc5aeb0000 - 0x00007ffc5af53000 	C:\WINDOWS\System32\msvcp_win.dll
0x00007ffc519e0000 - 0x00007ffc519eb000 	C:\WINDOWS\SYSTEM32\VERSION.dll
0x00007ffc5c790000 - 0x00007ffc5c7c1000 	C:\WINDOWS\System32\IMM32.DLL
0x00007ffc50740000 - 0x00007ffc5074c000 	C:\Program Files\Java\jdk-18.0.1.1\bin\vcruntime140_1.dll
0x00007ffc23bc0000 - 0x00007ffc23c4d000 	C:\Program Files\Java\jdk-18.0.1.1\bin\msvcp140.dll
0x00007ffbad970000 - 0x00007ffbae580000 	C:\Program Files\Java\jdk-18.0.1.1\bin\server\jvm.dll
0x00007ffc5d140000 - 0x00007ffc5d148000 	C:\WINDOWS\System32\PSAPI.DLL
0x00007ffc50d50000 - 0x00007ffc50d85000 	C:\WINDOWS\SYSTEM32\WINMM.dll
0x00007ffc3f2c0000 - 0x00007ffc3f2ca000 	C:\WINDOWS\SYSTEM32\WSOCK32.dll
0x00007ffc5b9d0000 - 0x00007ffc5ba44000 	C:\WINDOWS\System32\ws2_32.DLL
0x00007ffc59800000 - 0x00007ffc5981b000 	C:\WINDOWS\SYSTEM32\kernel.appcore.dll
0x00007ffc50720000 - 0x00007ffc5072a000 	C:\Program Files\Java\jdk-18.0.1.1\bin\jimage.dll
0x00007ffc51d20000 - 0x00007ffc51f62000 	C:\WINDOWS\SYSTEM32\DBGHELP.DLL
0x00007ffc5ca70000 - 0x00007ffc5cdf6000 	C:\WINDOWS\System32\combase.dll
0x00007ffc5c290000 - 0x00007ffc5c366000 	C:\WINDOWS\System32\OLEAUT32.dll
0x00007ffc44730000 - 0x00007ffc4476c000 	C:\WINDOWS\SYSTEM32\dbgcore.DLL
0x00007ffc5ab10000 - 0x00007ffc5abb5000 	C:\WINDOWS\System32\bcryptPrimitives.dll
0x00007ffc24350000 - 0x00007ffc24375000 	C:\Program Files\Java\jdk-18.0.1.1\bin\java.dll

dbghelp: loaded successfully - version: 4.0.5 - missing functions: none
symbol engine: initialized successfully - sym options: 0x614 - pdb path: .;C:\Program Files\Java\jdk-18.0.1.1\bin;C:\WINDOWS\SYSTEM32;C:\WINDOWS\WinSxS\amd64_microsoft.windows.common-controls_6595b64144ccf1df_6.0.26100.7309_none_3e05feeae336a044;C:\Program Files\Java\jdk-18.0.1.1\bin\server

VM Arguments:
jvm_args: -XX:+ShowCodeDetailsInExceptionMessages 
java_command: com.microservice.api_gateway_service.ApiGatewayServiceApplication
java_class_path (initial): E:\Project\api-gateway-service\api-gateway-service\target\classes;C:\Users\Vinitha\.m2\repository\org\springframework\cloud\spring-cloud-starter-gateway-server-webflux\5.0.1\spring-cloud-starter-gateway-server-webflux-5.0.1.jar;C:\Users\Vinitha\.m2\repository\org\springframework\cloud\spring-cloud-starter\5.0.1\spring-cloud-starter-5.0.1.jar;C:\Users\Vinitha\.m2\repository\org\springframework\cloud\spring-cloud-context\5.0.1\spring-cloud-context-5.0.1.jar;C:\Users\Vinitha\.m2\repository\org\springframework\security\spring-security-crypto\7.0.4\spring-security-crypto-7.0.4.jar;C:\Users\Vinitha\.m2\repository\org\springframework\cloud\spring-cloud-commons\5.0.1\spring-cloud-commons-5.0.1.jar;C:\Users\Vinitha\.m2\repository\org\bouncycastle\bcprov-jdk18on\1.81\bcprov-jdk18on-1.81.jar;C:\Users\Vinitha\.m2\repository\org\springframework\cloud\spring-cloud-gateway-server-webflux\5.0.1\spring-cloud-gateway-server-webflux-5.0.1.jar;C:\Users\Vinitha\.m2\repository\org\springframework\boot\spring-boot-starter-validation\4.0.4\spring-boot-starter-validation-4.0.4.jar;C:\Users\Vinitha\.m2\repository\org\springframework\boot\spring-boot-validation\4.0.4\spring-boot-validation-4.0.4.jar;C:\Users\Vinitha\.m2\repository\org\apache\tomcat\embed\tomcat-embed-el\11.0.18\tomcat-embed-el-11.0.18.jar;C:\Users\Vinitha\.m2\repository\org\hibernate\validator\hibernate-validator\9.0.1.Final\hibernate-validator-9.0.1.Final.jar;C:\Users\Vinitha\.m2\repository\jakarta\validation\jakarta.validation-api\3.1.1\jakarta.validation-api-3.1.1.jar;C:\Users\Vinitha\.m2\repository\org\jboss\logging\jboss-logging\3.6.3.Final\jboss-logging-3.6.3.Final.jar;C:\Users\Vinitha\.m2\repository\com\fasterxml\classmate\1.7.3\classmate-1.7.3.jar;C:\Users\Vinitha\.m2\repository\io\projectreactor\addons\reactor-extra\3.6.0\reactor-extra-3.6.0.jar;C:\Users\Vinitha\.m2\repository\org\springframework\boot\spring-boot-restclient\4.0.4\spring-boot-restclient-4.0.4.jar;C:\Users\Vinitha\.m2\repository\org\springframework\boot\spring-boot-http-client\4.0.4\spring-boot-http-client-4.0.4.jar;C:\Users\Vinitha\.m2\repository\org\springframework\boot\spring-boot-http-converter\4.0.4\spring-boot-http-converter-4.0.4.jar;C:\Users\Vinitha\.m2\repository\org\springframework\boot\spring-boot-starter-webflux\4.0.4\spring-boot-starter-webflux-4.0.4.jar;C:\Users\Vinitha\.m2\repository\org\springframework\boot\spring-boot-starter-jackson\4.0.4\spring-boot-starter-jackson-4.0.4.jar;C:\Users\Vinitha\.m2\repository\org\springframework\boot\spring-boot-jackson\4.0.4\spring-boot-jackson-4.0.4.jar;C:\Users\Vinitha\.m2\repository\tools\jackson\core\jackson-databind\3.1.0\jackson-databind-3.1.0.jar;C:\Users\Vinitha\.m2\repository\tools\jackson\core\jackson-core\3.1.0\jackson-core-3.1.0.jar;C:\Users\Vinitha\.m2\repository\org\springframework\boot\spring-boot-starter-reactor-netty\4.0.4\spring-boot-starter-reactor-netty-4.0.4.jar;C:\Users\Vinitha\.m2\repository\org\springframework\boot\spring-boot-reactor-netty\4.0.4\spring-boot-reactor-netty-4.0.4.jar;C:\Users\Vinitha\.m2\repository\io\projectreactor\netty\reactor-netty-http\1.3.4\reactor-netty-http-1.3.4.jar;C:\Users\Vinitha\.m2\repository\io\netty\netty-codec-http\4.2.10.Final\netty-codec-http-4.2.10.Final.jar;C:\Users\Vinitha\.m2\repository\io\netty\netty-buffer\4.2.10.Final\netty-buffer-4.2.10.Final.jar;C:\Users\Vinitha\.m2\repository\io\netty\netty-transport\4.2.10.Final\netty-transport-4.2.10.Final.jar;C:\Users\Vinitha\.m2\repository\io\netty\netty-codec-base\4.2.10.Final\netty-codec-base-4.2.10.Final.jar;C:\Users\Vinitha\.m2\repository\io\netty\netty-codec-compression\4.2.10.Final\netty-codec-compression-4.2.10.Final.jar;C:\Users\Vinitha\.m2\repository\io\netty\netty-handler\4.2.10.Final\netty-handler-4.2.10.Final.jar;C:\Users\Vinitha\.m2\repository\io\netty\netty-codec-http2\4.2.10.Final\netty-codec-http2-4.2.10.Final.jar;C:\Users\Vinitha\.m2\repository\io\netty\netty-codec-http3\4.2.10.Final\netty-codec-http3-4.2.10.Final.jar;C:\Users\Vinitha\.m2\repository\io\netty\netty-transport-native-unix-common\4.2.10.Final\netty-transport-native-unix-common-4.2.10.Final.jar;C:\Users\Vinitha\.m2\repository\io\netty\netty-resolver\4.2.10.Final\netty-resolver-4.2.10.Final.jar;C:\Users\Vinitha\.m2\repository\io\netty\netty-codec-classes-quic\4.2.10.Final\netty-codec-classes-quic-4.2.10.Final.jar;C:\Users\Vinitha\.m2\repository\io\netty\netty-codec-native-quic\4.2.10.Final\netty-codec-native-quic-4.2.10.Final-linux-x86_64.jar;C:\Users\Vinitha\.m2\repository\io\netty\netty-codec-native-quic\4.2.10.Final\netty-codec-native-quic-4.2.10.Final-linux-aarch_64.jar;C:\Users\Vinitha\.m2\repository\io\netty\netty-codec-native-quic\4.2.10.Final\netty-codec-native-quic-4.2.10.Final-osx-x86_64.jar;C:\Users\Vinitha\.m2\repository\io\netty\netty-codec-native-quic\4.2.10.Final\netty-codec-native-quic-4.2.10.Final-osx-aarch_64.jar;C:\Users\Vinitha\.m2\repository\io\netty\netty-codec-native-quic\4.2.10.Final\netty-codec-native-quic-4.2.10.Final-windows-x86_64.jar;C:\Users\Vinitha\.m2\repository\io\netty\netty-resolver-dns\4.2.10.Final\netty-resolver-dns-4.2.10.Final.jar;C:\Users\Vinitha\.m2\repository\io\netty\netty-codec-dns\4.2.10.Final\netty-codec-dns-4.2.10.Final.jar;C:\Users\Vinitha\.m2\repository\io\netty\netty-resolver-dns-native-macos\4.2.10.Final\netty-resolver-dns-native-macos-4.2.10.Final-osx-x86_64.jar;C:\Users\Vinitha\.m2\repository\io\netty\netty-resolver-dns-classes-macos\4.2.10.Final\netty-resolver-dns-classes-macos-4.2.10.Final.jar;C:\Users\Vinitha\.m2\repository\io\netty\netty-transport-native-epoll\4.2.10.Final\netty-transport-native-epoll-4.2.10.Final-linux-x86_64.jar;C:\Users\Vinitha\.m2\repository\io\netty\netty-transport-classes-epoll\4.2.10.Final\netty-transport-classes-epoll-4.2.10.Final.jar;C:\Users\Vinitha\.m2\repository\io\projectreactor\netty\reactor-netty-core\1.3.4\reactor-netty-core-1.3.4.jar;C:\Users\Vinitha\.m2\repository\io\netty\netty-handler-proxy\4.2.10.Final\netty-handler-proxy-4.2.10.Final.jar;C:\Users\Vinitha\.m2\repository\io\netty\netty-codec-socks\4.2.10.Final\netty-codec-socks-4.2.10.Final.jar;C:\Users\Vinitha\.m2\repository\org\springframework\boot\spring-boot-netty\4.0.4\spring-boot-netty-4.0.4.jar;C:\Users\Vinitha\.m2\repository\io\netty\netty-common\4.2.10.Final\netty-common-4.2.10.Final.jar;C:\Users\Vinitha\.m2\repository\org\springframework\boot\spring-boot-reactor\4.0.4\spring-boot-reactor-4.0.4.jar;C:\Users\Vinitha\.m2\repository\org\springframework\boot\spring-boot-webflux\4.0.4\spring-boot-webflux-4.0.4.jar;C:\Users\Vinitha\.m2\repository\org\springframework\boot\spring-boot-http-codec\4.0.4\spring-boot-http-codec-4.0.4.jar;C:\Users\Vinitha\.m2\repository\org\springframework\spring-webflux\7.0.6\spring-webflux-7.0.6.jar;C:\Users\Vinitha\.m2\repository\org\springframework\spring-beans\7.0.6\spring-beans-7.0.6.jar;C:\Users\Vinitha\.m2\repository\org\springframework\boot\spring-boot-web-server\4.0.4\spring-boot-web-server-4.0.4.jar;C:\Users\Vinitha\.m2\repository\org\springframework\cloud\spring-cloud-starter-netflix-eureka-client\5.0.1\spring-cloud-starter-netflix-eureka-client-5.0.1.jar;C:\Users\Vinitha\.m2\repository\org\springframework\cloud\spring-cloud-netflix-eureka-client\5.0.1\spring-cloud-netflix-eureka-client-5.0.1.jar;C:\Users\Vinitha\.m2\repository\org\springframework\boot\spring-boot-jackson2\4.0.4\spring-boot-jackson2-4.0.4.jar;C:\Users\Vinitha\.m2\repository\org\springframework\spring-web\7.0.6\spring-web-7.0.6.jar;C:\Users\Vinitha\.m2\repository\io\micrometer\micrometer-observation\1.16.4\micrometer-observation-1.16.4.jar;C:\Users\Vinitha\.m2\repository\io\micrometer\micrometer-commons\1.16.4\micrometer-commons-1.16.4.jar;C:\Users\Vinitha\.m2\repository\com\fasterxml\jackson\datatype\jackson-datatype-jdk8\2.21.1\jackson-datatype-jdk8-2.21.1.jar;C:\Users\Vinitha\.m2\repository\com\fasterxml\jackson\datatype\jackson-datatype-jsr310\2.21.1\jackson-datatype-jsr310-2.21.1.jar;C:\Users\Vinitha\.m2\repository\com\fasterxml\jackson\module\jackson-module-parameter-names\2.21.1\jackson-module-parameter-names-2.21.1.jar;C:\Users\Vinitha\.m2\repository\org\apache\httpcomponents\client5\httpclient5\5.5.2\httpclient5-5.5.2.jar;C:\Users\Vinitha\.m2\repository\org\apache\httpcomponents\core5\httpcore5\5.3.6\httpcore5-5.3.6.jar;C:\Users\Vinitha\.m2\repository\org\apache\httpcomponents\core5\httpcore5-h2\5.3.6\httpcore5-h2-5.3.6.jar;C:\Users\Vinitha\.m2\repository\com\netflix\eureka\eureka-client\2.0.5\eureka-client-2.0.5.jar;C:\Users\Vinitha\.m2\repository\com\thoughtworks\xstream\xstream\1.4.21\xstream-1.4.21.jar;C:\Users\Vinitha\.m2\repository\io\github\x-stream\mxparser\1.2.2\mxparser-1.2.2.jar;C:\Users\Vinitha\.m2\repository\xmlpull\xmlpull\1.1.3.1\xmlpull-1.1.3.1.jar;C:\Users\Vinitha\.m2\repository\jakarta\ws\rs\jakarta.ws.rs-api\4.0.0\jakarta.ws.rs-api-4.0.0.jar;C:\Users\Vinitha\.m2\repository\jakarta\inject\jakarta.inject-api\2.0.1\jakarta.inject-api-2.0.1.jar;C:\Users\Vinitha\.m2\repository\jakarta\annotation\jakarta.annotation-api\3.0.0\jakarta.annotation-api-3.0.0.jar;C:\Users\Vinitha\.m2\repository\com\netflix\spectator\spectator-api\1.7.3\spectator-api-1.7.3.jar;C:\Users\Vinitha\.m2\repository\org\slf4j\slf4j-api\2.0.17\slf4j-api-2.0.17.jar;C:\Users\Vinitha\.m2\repository\org\apache\httpcomponents\httpclient\4.5.3\httpclient-4.5.3.jar;C:\Users\Vinitha\.m2\repository\org\apache\httpcomponents\httpcore\4.4.16\httpcore-4.4.16.jar;C:\Users\Vinitha\.m2\repository\commons-codec\commons-codec\1.19.0\commons-codec-1.19.0.jar;C:\Users\Vinitha\.m2\repository\commons-configuration\commons-configuration\1.10\commons-configuration-1.10.jar;C:\Users\Vinitha\.m2\repository\commons-lang\commons-lang\2.6\commons-lang-2.6.jar;C:\Users\Vinitha\.m2\repository\com\fasterxml\jackson\core\jackson-annotations\2.21\jackson-annotations-2.21.jar;C:\Users\Vinitha\.m2\repository\com\fasterxml\jackson\core\jackson-core\2.21.1\jackson-core-2.21.1.jar;C:\Users\Vinitha\.m2\repository\com\fasterxml\jackson\core\jackson-databind\2.21.1\jackson-databind-2.21.1.jar;C:\Users\Vinitha\.m2\repository\com\netflix\netflix-commons\netflix-eventbus\0.3.0\netflix-eventbus-0.3.0.jar;C:\Users\Vinitha\.m2\repository\com\netflix\netflix-commons\netflix-infix\0.3.0\netflix-infix-0.3.0.jar;C:\Users\Vinitha\.m2\repository\commons-jxpath\commons-jxpath\1.3\commons-jxpath-1.3.jar;C:\Users\Vinitha\.m2\repository\joda-time\joda-time\2.3\joda-time-2.3.jar;C:\Users\Vinitha\.m2\repository\org\antlr\antlr-runtime\3.4\antlr-runtime-3.4.jar;C:\Users\Vinitha\.m2\repository\org\antlr\stringtemplate\3.2.1\stringtemplate-3.2.1.jar;C:\Users\Vinitha\.m2\repository\antlr\antlr\2.7.7\antlr-2.7.7.jar;C:\Users\Vinitha\.m2\repository\com\google\code\gson\gson\2.13.2\gson-2.13.2.jar;C:\Users\Vinitha\.m2\repository\com\google\errorprone\error_prone_annotations\2.41.0\error_prone_annotations-2.41.0.jar;C:\Users\Vinitha\.m2\repository\com\netflix\servo\servo-core\0.5.3\servo-core-0.5.3.jar;C:\Users\Vinitha\.m2\repository\org\apache\commons\commons-math\2.2\commons-math-2.2.jar;C:\Users\Vinitha\.m2\repository\javax\annotation\javax.annotation-api\1.2\javax.annotation-api-1.2.jar;C:\Users\Vinitha\.m2\repository\org\codehaus\jettison\jettison\1.5.4\jettison-1.5.4.jar;C:\Users\Vinitha\.m2\repository\org\springframework\cloud\spring-cloud-starter-loadbalancer\5.0.1\spring-cloud-starter-loadbalancer-5.0.1.jar;C:\Users\Vinitha\.m2\repository\org\springframework\cloud\spring-cloud-loadbalancer\5.0.1\spring-cloud-loadbalancer-5.0.1.jar;C:\Users\Vinitha\.m2\repository\org\springframework\boot\spring-boot-starter-cache\4.0.4\spring-boot-starter-cache-4.0.4.jar;C:\Users\Vinitha\.m2\repository\org\springframework\boot\spring-boot-cache\4.0.4\spring-boot-cache-4.0.4.jar;C:\Users\Vinitha\.m2\repository\org\springframework\spring-context-support\7.0.6\spring-context-support-7.0.6.jar;C:\Users\Vinitha\.m2\repository\com\stoyanr\evictor\1.0.0\evictor-1.0.0.jar;C:\Users\Vinitha\.m2\repository\org\springframework\boot\spring-boot-starter\4.0.4\spring-boot-starter-4.0.4.jar;C:\Users\Vinitha\.m2\repository\org\springframework\boot\spring-boot-starter-logging\4.0.4\spring-boot-starter-logging-4.0.4.jar;C:\Users\Vinitha\.m2\repository\ch\qos\logback\logback-classic\1.5.32\logback-classic-1.5.32.jar;C:\Users\Vinitha\.m2\repository\ch\qos\logback\logback-core\1.5.32\logback-core-1.5.32.jar;C:\Users\Vinitha\.m2\repository\org\apache\logging\log4j\log4j-to-slf4j\2.25.3\log4j-to-slf4j-2.25.3.jar;C:\Users\Vinitha\.m2\repository\org\apache\logging\log4j\log4j-api\2.25.3\log4j-api-2.25.3.jar;C:\Users\Vinitha\.m2\repository\org\slf4j\jul-to-slf4j\2.0.17\jul-to-slf4j-2.0.17.jar;C:\Users\Vinitha\.m2\repository\org\springframework\boot\spring-boot-autoconfigure\4.0.4\spring-boot-autoconfigure-4.0.4.jar;C:\Users\Vinitha\.m2\repository\org\yaml\snakeyaml\2.5\snakeyaml-2.5.jar;C:\Users\Vinitha\.m2\repository\org\springframework\boot\spring-boot\4.0.4\spring-boot-4.0.4.jar;C:\Users\Vinitha\.m2\repository\org\springframework\spring-context\7.0.6\spring-context-7.0.6.jar;C:\Users\Vinitha\.m2\repository\org\springframework\spring-aop\7.0.6\spring-aop-7.0.6.jar;C:\Users\Vinitha\.m2\repository\org\springframework\spring-expression\7.0.6\spring-expression-7.0.6.jar;C:\Users\Vinitha\.m2\repository\org\springframework\spring-core\7.0.6\spring-core-7.0.6.jar;C:\Users\Vinitha\.m2\repository\commons-logging\commons-logging\1.3.6\commons-logging-1.3.6.jar;C:\Users\Vinitha\.m2\repository\io\projectreactor\reactor-core\3.8.4\reactor-core-3.8.4.jar;C:\Users\Vinitha\.m2\repository\org\reactivestreams\reactive-streams\1.0.4\reactive-streams-1.0.4.jar;C:\Users\Vinitha\.m2\repository\org\jspecify\jspecify\1.0.0\jspecify-1.0.0.jar
Launcher Type: SUN_STANDARD

[Global flags]
     intx CICompilerCount                          = 4                                         {product} {ergonomic}
     uint ConcGCThreads                            = 3                                         {product} {ergonomic}
     uint G1ConcRefinementThreads                  = 10                                        {product} {ergonomic}
   size_t G1HeapRegionSize                         = 1048576                                   {product} {ergonomic}
    uintx GCDrainStackTargetSize                   = 64                                        {product} {ergonomic}
   size_t InitialHeapSize                          = 123731968                                 {product} {ergonomic}
   size_t MarkStackSize                            = 4194304                                   {product} {ergonomic}
   size_t MaxHeapSize                              = 1967128576                                {product} {ergonomic}
   size_t MinHeapDeltaBytes                        = 1048576                                   {product} {ergonomic}
   size_t MinHeapSize                              = 8388608                                   {product} {ergonomic}
    uintx NonNMethodCodeHeapSize                   = 5839372                                {pd product} {ergonomic}
    uintx NonProfiledCodeHeapSize                  = 122909434                              {pd product} {ergonomic}
    uintx ProfiledCodeHeapSize                     = 122909434                              {pd product} {ergonomic}
    uintx ReservedCodeCacheSize                    = 251658240                              {pd product} {ergonomic}
     bool SegmentedCodeCache                       = true                                      {product} {ergonomic}
     bool ShowCodeDetailsInExceptionMessages       = true                                   {manageable} {command line}
   size_t SoftMaxHeapSize                          = 1967128576                             {manageable} {ergonomic}
     bool UseCompressedClassPointers               = true                           {product lp64_product} {ergonomic}
     bool UseCompressedOops                        = true                           {product lp64_product} {ergonomic}
     bool UseG1GC                                  = true                                      {product} {ergonomic}
     bool UseLargePagesIndividualAllocation        = false                                  {pd product} {ergonomic}

Logging:
Log output configuration:
 #0: stdout all=warning uptime,level,tags foldmultilines=false
 #1: stderr all=off uptime,level,tags foldmultilines=false

Environment Variables:
JAVA_HOME=C:\Program Files\Java\jdk-18.0.1.1\bin
PATH=C:\Program Files\Common Files\Oracle\Java\javapath;C:\app\Vinitha\product\21c\dbhomeXE\bin;C:\WINDOWS\system32;C:\WINDOWS;C:\WINDOWS\System32\Wbem;C:\WINDOWS\System32\WindowsPowerShell\v1.0\;C:\WINDOWS\System32\OpenSSH\;C:\Program Files\Java\jdk-18.0.1.1\bin;C:\Program Files\nodejs\;C:\ProgramData\chocolatey\bin;C:\Users\Vinitha\AppData\Local\Programs\Python\Launcher\;C:\Users\Vinitha\AppData\Local\Microsoft\WindowsApps;;D:\Visual Studio\Microsoft VS Code\bin;C:\Users\Vinitha\AppData\Roaming\npm;c:\Users\Vinitha\.vscode\extensions\vscjava.vscode-java-debug-0.58.5\bundled\scripts\noConfigScripts
USERNAME=Vinitha
LANG=en_US.UTF-8
OS=Windows_NT
PROCESSOR_IDENTIFIER=AMD64 Family 23 Model 104 Stepping 1, AuthenticAMD



---------------  S Y S T E M  ---------------

OS:
 Windows 11 , 64 bit Build 26100 (10.0.26100.7623)
OS uptime: 32 days 8:08 hours

CPU: total 12 (initial active 12) (12 cores per cpu, 2 threads per core) family 23 model 104 stepping 1 microcode 0x8608104, cx8, cmov, fxsr, ht, mmx, 3dnowpref, sse, sse2, sse3, ssse3, sse4a, sse4.1, sse4.2, popcnt, lzcnt, tsc, tscinvbit, avx, avx2, aes, clmul, bmi1, bmi2, adx, sha, fma, vzeroupper, clflush, clflushopt

Memory: 4k page, system-wide physical 7501M (421M free)
TotalPageFile size 30029M (AvailPageFile size 2M)
current process WorkingSet (physical memory assigned to process): 12M, peak: 12M
current process commit charge ("private bytes"): 64M, peak: 182M

vm_info: Java HotSpot(TM) 64-Bit Server VM (18.0.1.1+2-6) for windows-amd64 JRE (18.0.1.1+2-6), built on Apr 25 2022 21:53:15 by "mach5one" with MS VC++ 16.8 / 16.9 (VS2019)

END.
